TN:
SF:src/Aggregator.sol
DA:31,2
FN:31,Aggregator.validateUserOpSignature
FNDA:2,Aggregator.validateUserOpSignature
DA:36,2
DA:37,2
DA:39,2
DA:41,2
DA:42,2
DA:44,2
DA:45,2
DA:47,2
DA:49,1
DA:52,1
FN:52,Aggregator.aggregateSignatures
FNDA:1,Aggregator.aggregateSignatures
DA:57,1
DA:59,1
DA:60,13
DA:61,13
DA:64,1
DA:67,2
FN:67,Aggregator.validateSignatures
FNDA:2,Aggregator.validateSignatures
DA:69,2
DA:71,2
DA:72,2
DA:74,2
DA:75,18
DA:76,18
DA:78,2
DA:79,2
DA:81,2
FNF:3
FNH:3
LF:26
LH:26
BRF:0
BRH:0
end_of_record
TN:
SF:src/BLSAccount.sol
DA:35,24
FN:35,BLSAccount.constructor
FNDA:24,BLSAccount.constructor
DA:38,24
DA:39,24
DA:40,24
DA:43,2
FN:43,BLSAccount.changePubKey
FNDA:2,BLSAccount.changePubKey
DA:44,1
DA:45,1
DA:48,2
FN:48,BLSAccount.changeAggregator
FNDA:2,BLSAccount.changeAggregator
DA:49,1
DA:50,1
DA:53,5
FN:53,BLSAccount._validateSignature
FNDA:5,BLSAccount._validateSignature
DA:60,5
DA:63,4
FN:63,BLSAccount.execute
FNDA:4,BLSAccount.execute
DA:64,4
DA:65,4
DA:66,4
BRDA:66,0,0,1
BRDA:66,0,1,3
DA:69,1
FN:69,BLSAccount.entryPoint
FNDA:1,BLSAccount.entryPoint
DA:70,10
DA:73,22
FN:73,BLSAccount.getPubKey
FNDA:22,BLSAccount.getPubKey
DA:74,22
DA:77,1
FN:77,BLSAccount.getAggregator
FNDA:1,BLSAccount.getAggregator
DA:78,1
FNF:8
FNH:8
LF:22
LH:22
BRF:2
BRH:2
end_of_record
